Arguments: 
  E:\Software\node.js\node.exe E:\Software\yarn\bin\yarn.js add webpack@4 webpack-cli@3 --dev

PATH: 
  E:\Software\cmder\vendor\git-for-windows\mingw64\bin;E:\Software\cmder\vendor\git-for-windows\usr\bin;C:\Users\Administrator\bin;C:\Program Files (x86)\Common Files\Oracle\Java\javapath;C:\WINDOWS\system32;C:\WINDOWS;C:\WINDOWS\System32\Wbem;C:\WINDOWS\System32\WindowsPowerShell\v1.0;C:\WINDOWS\System32\OpenSSH;C:\Program Files\Java\jdk-13.0.1\bin;C:\Program Files\TortoiseGit\bin;C:\Program Files\Git\cmd;E:\Xftp 7;E:\Software\node.js;E:\Software\yarn\bin;D:\jdk\bin;E:\Microsoft VS Code\bin;C:\Users\Administrator\AppData\Roaming\npm;C:\Users\Administrator\AppData\Local\Yarn\bin

Yarn version: 
  1.22.5

Node version: 
  16.15.0

Platform: 
  win32 x64

Trace: 
  Error: connect ECONNREFUSED 36.158.249.135:443
      at TCPConnectWrap.afterConnect [as oncomplete] (node:net:1187:16)

npm manifest: 
  {
    "name": "webpack-demo",
    "version": "1.0.0",
    "description": "",
    "main": "index.js",
    "scripts": {
      "test": "echo \"Error: no test specified\" && exit 1"
    },
    "keywords": [],
    "author": "",
    "license": "ISC"
  }

yarn manifest: 
  No manifest

Lockfile: 
  No lockfile
